Compiling the C compiler identification source file "CMakeCCompilerId.c" failed.
Compiler: /usr/bin/cc 
Build flags: 
Id flags:  

The output was:
1
/usr/bin/ld: 最后的链结失败: 不支持的操作
collect2: error: ld returned 1 exit status


Compiling the C compiler identification source file "CMakeCCompilerId.c" failed.
Compiler: /usr/bin/cc 
Build flags: 
Id flags: -c 

The output was:
1
/tmp/ccPMWVEp.s: Assembler messages:
/tmp/ccPMWVEp.s: 致命错误： can't write 145 bytes to section .text of CMakeCCompilerId.o: '不支持的操作'
/tmp/ccPMWVEp.s: 致命错误： can't close CMakeCCompilerId.o: 不支持的操作


Compiling the C compiler identification source file "CMakeCCompilerId.c" failed.
Compiler: /usr/bin/cc 
Build flags: 
Id flags: -Aa 

The output was:
1
<command-line>: error: missing '(' after predicate


Compiling the C compiler identification source file "CMakeCCompilerId.c" failed.
Compiler: /usr/bin/cc 
Build flags: 
Id flags: -D__CLASSIC_C__ 

The output was:
1
/usr/bin/ld: 最后的链结失败: 不支持的操作
collect2: error: ld returned 1 exit status


Compiling the C compiler identification source file "CMakeCCompilerId.c" failed.
Compiler: /usr/bin/cc 
Build flags: 
Id flags: --target=arm-arm-none-eabi;-mcpu=cortex-m3 

The output was:
1
cc: warning: ‘-mcpu=’ is deprecated; use ‘-mtune=’ or ‘-march=’ instead
cc: error: unrecognized command line option ‘--target=arm-arm-none-eabi’


Compiling the C compiler identification source file "CMakeCCompilerId.c" failed.
Compiler: /usr/bin/cc 
Build flags: 
Id flags:  

The output was:
1
/usr/bin/ld: 最后的链结失败: 不支持的操作
collect2: error: ld returned 1 exit status


Compiling the C compiler identification source file "CMakeCCompilerId.c" failed.
Compiler: /usr/bin/cc 
Build flags: 
Id flags: -c 

The output was:
1
/tmp/cci8d6Oj.s: Assembler messages:
/tmp/cci8d6Oj.s: 致命错误： can't write 145 bytes to section .text of CMakeCCompilerId.o: '不支持的操作'
/tmp/cci8d6Oj.s: 致命错误： can't close CMakeCCompilerId.o: 不支持的操作


Compiling the C compiler identification source file "CMakeCCompilerId.c" failed.
Compiler: /usr/bin/cc 
Build flags: 
Id flags: -Aa 

The output was:
1
<command-line>: error: missing '(' after predicate


Compiling the C compiler identification source file "CMakeCCompilerId.c" failed.
Compiler: /usr/bin/cc 
Build flags: 
Id flags: -D__CLASSIC_C__ 

The output was:
1
/usr/bin/ld: 最后的链结失败: 不支持的操作
collect2: error: ld returned 1 exit status


Compiling the C compiler identification source file "CMakeCCompilerId.c" failed.
Compiler: /usr/bin/cc 
Build flags: 
Id flags: --target=arm-arm-none-eabi;-mcpu=cortex-m3 

The output was:
1
cc: warning: ‘-mcpu=’ is deprecated; use ‘-mtune=’ or ‘-march=’ instead
cc: error: unrecognized command line option ‘--target=arm-arm-none-eabi’


Checking whether the C compiler is IAR using "" did not match "IAR .+ Compiler":
cc: fatal error: no input files
compilation terminated.
Checking whether the C compiler is IAR using "" did not match "IAR .+ Compiler":
cc: fatal error: no input files
compilation terminated.
Compiling the CXX compiler identification source file "CMakeCXXCompilerId.cpp" failed.
Compiler: /usr/bin/c++ 
Build flags: 
Id flags:  

The output was:
1
/usr/bin/ld: 最后的链结失败: 不支持的操作
collect2: error: ld returned 1 exit status


Compiling the CXX compiler identification source file "CMakeCXXCompilerId.cpp" failed.
Compiler: /usr/bin/c++ 
Build flags: 
Id flags: -c 

The output was:
1
/tmp/cc7DDUQp.s: Assembler messages:
/tmp/cc7DDUQp.s: 致命错误： can't write 121 bytes to section .text of CMakeCXXCompilerId.o: '不支持的操作'
/tmp/cc7DDUQp.s: 致命错误： can't close CMakeCXXCompilerId.o: 不支持的操作


Compiling the CXX compiler identification source file "CMakeCXXCompilerId.cpp" failed.
Compiler: /usr/bin/c++ 
Build flags: 
Id flags: --c++ 

The output was:
1
c++: error: unrecognized command line option ‘--c++’


Compiling the CXX compiler identification source file "CMakeCXXCompilerId.cpp" failed.
Compiler: /usr/bin/c++ 
Build flags: 
Id flags: --ec++ 

The output was:
1
c++: error: unrecognized command line option ‘--ec++’; did you mean ‘-Weffc++’?


Compiling the CXX compiler identification source file "CMakeCXXCompilerId.cpp" failed.
Compiler: /usr/bin/c++ 
Build flags: 
Id flags: --target=arm-arm-none-eabi;-mcpu=cortex-m3 

The output was:
1
c++: warning: ‘-mcpu=’ is deprecated; use ‘-mtune=’ or ‘-march=’ instead
c++: error: unrecognized command line option ‘--target=arm-arm-none-eabi’


Compiling the CXX compiler identification source file "CMakeCXXCompilerId.cpp" failed.
Compiler: /usr/bin/c++ 
Build flags: 
Id flags:  

The output was:
1
/usr/bin/ld: 最后的链结失败: 不支持的操作
collect2: error: ld returned 1 exit status


Compiling the CXX compiler identification source file "CMakeCXXCompilerId.cpp" failed.
Compiler: /usr/bin/c++ 
Build flags: 
Id flags: -c 

The output was:
1
/tmp/ccTfynOR.s: Assembler messages:
/tmp/ccTfynOR.s: 致命错误： can't write 121 bytes to section .text of CMakeCXXCompilerId.o: '不支持的操作'
/tmp/ccTfynOR.s: 致命错误： can't close CMakeCXXCompilerId.o: 不支持的操作


Compiling the CXX compiler identification source file "CMakeCXXCompilerId.cpp" failed.
Compiler: /usr/bin/c++ 
Build flags: 
Id flags: --c++ 

The output was:
1
c++: error: unrecognized command line option ‘--c++’


Compiling the CXX compiler identification source file "CMakeCXXCompilerId.cpp" failed.
Compiler: /usr/bin/c++ 
Build flags: 
Id flags: --ec++ 

The output was:
1
c++: error: unrecognized command line option ‘--ec++’; did you mean ‘-Weffc++’?


Compiling the CXX compiler identification source file "CMakeCXXCompilerId.cpp" failed.
Compiler: /usr/bin/c++ 
Build flags: 
Id flags: --target=arm-arm-none-eabi;-mcpu=cortex-m3 

The output was:
1
c++: warning: ‘-mcpu=’ is deprecated; use ‘-mtune=’ or ‘-march=’ instead
c++: error: unrecognized command line option ‘--target=arm-arm-none-eabi’


Checking whether the CXX compiler is IAR using "" did not match "IAR .+ Compiler":
c++: fatal error: no input files
compilation terminated.
Checking whether the CXX compiler is IAR using "" did not match "IAR .+ Compiler":
c++: fatal error: no input files
compilation terminated.
Compiling the C compiler identification source file "CMakeCCompilerId.c" failed.
Compiler: /usr/bin/cc 
Build flags: 
Id flags:  

The output was:
1
/usr/bin/ld: 最后的链结失败: 不支持的操作
collect2: error: ld returned 1 exit status


Compiling the C compiler identification source file "CMakeCCompilerId.c" failed.
Compiler: /usr/bin/cc 
Build flags: 
Id flags: -c 

The output was:
1
/tmp/ccqlh2UH.s: Assembler messages:
/tmp/ccqlh2UH.s: 致命错误： can't write 145 bytes to section .text of CMakeCCompilerId.o: '不支持的操作'
/tmp/ccqlh2UH.s: 致命错误： can't close CMakeCCompilerId.o: 不支持的操作


Compiling the C compiler identification source file "CMakeCCompilerId.c" failed.
Compiler: /usr/bin/cc 
Build flags: 
Id flags: -Aa 

The output was:
1
<command-line>: error: missing '(' after predicate


Compiling the C compiler identification source file "CMakeCCompilerId.c" failed.
Compiler: /usr/bin/cc 
Build flags: 
Id flags: -D__CLASSIC_C__ 

The output was:
1
/usr/bin/ld: 最后的链结失败: 不支持的操作
collect2: error: ld returned 1 exit status


Compiling the C compiler identification source file "CMakeCCompilerId.c" failed.
Compiler: /usr/bin/cc 
Build flags: 
Id flags: --target=arm-arm-none-eabi;-mcpu=cortex-m3 

The output was:
1
cc: warning: ‘-mcpu=’ is deprecated; use ‘-mtune=’ or ‘-march=’ instead
cc: error: unrecognized command line option ‘--target=arm-arm-none-eabi’


Compiling the C compiler identification source file "CMakeCCompilerId.c" failed.
Compiler: /usr/bin/cc 
Build flags: 
Id flags:  

The output was:
1
/usr/bin/ld: 最后的链结失败: 不支持的操作
collect2: error: ld returned 1 exit status


Compiling the C compiler identification source file "CMakeCCompilerId.c" failed.
Compiler: /usr/bin/cc 
Build flags: 
Id flags: -c 

The output was:
1
/tmp/ccB0fWRq.s: Assembler messages:
/tmp/ccB0fWRq.s: 致命错误： can't write 145 bytes to section .text of CMakeCCompilerId.o: '不支持的操作'
/tmp/ccB0fWRq.s: 致命错误： can't close CMakeCCompilerId.o: 不支持的操作


Compiling the C compiler identification source file "CMakeCCompilerId.c" failed.
Compiler: /usr/bin/cc 
Build flags: 
Id flags: -Aa 

The output was:
1
<command-line>: error: missing '(' after predicate


Compiling the C compiler identification source file "CMakeCCompilerId.c" failed.
Compiler: /usr/bin/cc 
Build flags: 
Id flags: -D__CLASSIC_C__ 

The output was:
1
/usr/bin/ld: 最后的链结失败: 不支持的操作
collect2: error: ld returned 1 exit status


Compiling the C compiler identification source file "CMakeCCompilerId.c" failed.
Compiler: /usr/bin/cc 
Build flags: 
Id flags: --target=arm-arm-none-eabi;-mcpu=cortex-m3 

The output was:
1
cc: warning: ‘-mcpu=’ is deprecated; use ‘-mtune=’ or ‘-march=’ instead
cc: error: unrecognized command line option ‘--target=arm-arm-none-eabi’


Checking whether the C compiler is IAR using "" did not match "IAR .+ Compiler":
cc: fatal error: no input files
compilation terminated.
Checking whether the C compiler is IAR using "" did not match "IAR .+ Compiler":
cc: fatal error: no input files
compilation terminated.
Compiling the CXX compiler identification source file "CMakeCXXCompilerId.cpp" failed.
Compiler: /usr/bin/c++ 
Build flags: 
Id flags:  

The output was:
1
/usr/bin/ld: 最后的链结失败: 不支持的操作
collect2: error: ld returned 1 exit status


Compiling the CXX compiler identification source file "CMakeCXXCompilerId.cpp" failed.
Compiler: /usr/bin/c++ 
Build flags: 
Id flags: -c 

The output was:
1
/tmp/ccNVPaOf.s: Assembler messages:
/tmp/ccNVPaOf.s: 致命错误： can't write 121 bytes to section .text of CMakeCXXCompilerId.o: '不支持的操作'
/tmp/ccNVPaOf.s: 致命错误： can't close CMakeCXXCompilerId.o: 不支持的操作


Compiling the CXX compiler identification source file "CMakeCXXCompilerId.cpp" failed.
Compiler: /usr/bin/c++ 
Build flags: 
Id flags: --c++ 

The output was:
1
c++: error: unrecognized command line option ‘--c++’


Compiling the CXX compiler identification source file "CMakeCXXCompilerId.cpp" failed.
Compiler: /usr/bin/c++ 
Build flags: 
Id flags: --ec++ 

The output was:
1
c++: error: unrecognized command line option ‘--ec++’; did you mean ‘-Weffc++’?


Compiling the CXX compiler identification source file "CMakeCXXCompilerId.cpp" failed.
Compiler: /usr/bin/c++ 
Build flags: 
Id flags: --target=arm-arm-none-eabi;-mcpu=cortex-m3 

The output was:
1
c++: warning: ‘-mcpu=’ is deprecated; use ‘-mtune=’ or ‘-march=’ instead
c++: error: unrecognized command line option ‘--target=arm-arm-none-eabi’


Compiling the CXX compiler identification source file "CMakeCXXCompilerId.cpp" failed.
Compiler: /usr/bin/c++ 
Build flags: 
Id flags:  

The output was:
1
/usr/bin/ld: 最后的链结失败: 不支持的操作
collect2: error: ld returned 1 exit status


Compiling the CXX compiler identification source file "CMakeCXXCompilerId.cpp" failed.
Compiler: /usr/bin/c++ 
Build flags: 
Id flags: -c 

The output was:
1
/tmp/ccHgVCYy.s: Assembler messages:
/tmp/ccHgVCYy.s: 致命错误： can't write 121 bytes to section .text of CMakeCXXCompilerId.o: '不支持的操作'
/tmp/ccHgVCYy.s: 致命错误： can't close CMakeCXXCompilerId.o: 不支持的操作


Compiling the CXX compiler identification source file "CMakeCXXCompilerId.cpp" failed.
Compiler: /usr/bin/c++ 
Build flags: 
Id flags: --c++ 

The output was:
1
c++: error: unrecognized command line option ‘--c++’


Compiling the CXX compiler identification source file "CMakeCXXCompilerId.cpp" failed.
Compiler: /usr/bin/c++ 
Build flags: 
Id flags: --ec++ 

The output was:
1
c++: error: unrecognized command line option ‘--ec++’; did you mean ‘-Weffc++’?


Compiling the CXX compiler identification source file "CMakeCXXCompilerId.cpp" failed.
Compiler: /usr/bin/c++ 
Build flags: 
Id flags: --target=arm-arm-none-eabi;-mcpu=cortex-m3 

The output was:
1
c++: warning: ‘-mcpu=’ is deprecated; use ‘-mtune=’ or ‘-march=’ instead
c++: error: unrecognized command line option ‘--target=arm-arm-none-eabi’


Checking whether the CXX compiler is IAR using "" did not match "IAR .+ Compiler":
c++: fatal error: no input files
compilation terminated.
Checking whether the CXX compiler is IAR using "" did not match "IAR .+ Compiler":
c++: fatal error: no input files
compilation terminated.
Determining if the C compiler works failed with the following output:
Change Dir: /run/user/1000/gvfs/sftp:host=192.168.0.100/home/wheeltec/wheeltec_robot/src/turn_on_wheeltec_robot/build/CMakeFiles/CMakeTmp

Run Build Command(s):/usr/bin/make cmTC_22eef/fast && /usr/bin/make -f CMakeFiles/cmTC_22eef.dir/build.make CMakeFiles/cmTC_22eef.dir/build
make[1]: 进入目录“/run/user/1000/gvfs/sftp:host=192.168.0.100/home/wheeltec/wheeltec_robot/src/turn_on_wheeltec_robot/build/CMakeFiles/CMakeTmp”
Building C object CMakeFiles/cmTC_22eef.dir/testCCompiler.c.o
/usr/bin/cc    -o CMakeFiles/cmTC_22eef.dir/testCCompiler.c.o   -c /run/user/1000/gvfs/sftp:host=192.168.0.100/home/wheeltec/wheeltec_robot/src/turn_on_wheeltec_robot/build/CMakeFiles/CMakeTmp/testCCompiler.c
/tmp/ccN5Bymd.s: Assembler messages:
/tmp/ccN5Bymd.s: 致命错误： can't write 23 bytes to section .text of CMakeFiles/cmTC_22eef.dir/testCCompiler.c.o: '不支持的操作'
/tmp/ccN5Bymd.s: 致命错误： can't close CMakeFiles/cmTC_22eef.dir/testCCompiler.c.o: 不支持的操作
make[1]: *** [CMakeFiles/cmTC_22eef.dir/build.make:66：CMakeFiles/cmTC_22eef.dir/testCCompiler.c.o] 错误 1
make[1]: 离开目录“/run/user/1000/gvfs/sftp:host=192.168.0.100/home/wheeltec/wheeltec_robot/src/turn_on_wheeltec_robot/build/CMakeFiles/CMakeTmp”
make: *** [Makefile:121：cmTC_22eef/fast] 错误 2



Compiling the C compiler identification source file "CMakeCCompilerId.c" failed.
Compiler: /usr/bin/cc 
Build flags: 
Id flags:  

The output was:
1
/usr/bin/ld: 最后的链结失败: 不支持的操作
collect2: error: ld returned 1 exit status


Compiling the C compiler identification source file "CMakeCCompilerId.c" failed.
Compiler: /usr/bin/cc 
Build flags: 
Id flags: -c 

The output was:
1
/tmp/ccdmyZ5Z.s: Assembler messages:
/tmp/ccdmyZ5Z.s: 致命错误： can't write 145 bytes to section .text of CMakeCCompilerId.o: '不支持的操作'
/tmp/ccdmyZ5Z.s: 致命错误： can't close CMakeCCompilerId.o: 不支持的操作


Compiling the C compiler identification source file "CMakeCCompilerId.c" failed.
Compiler: /usr/bin/cc 
Build flags: 
Id flags: -Aa 

The output was:
1
<command-line>: error: missing '(' after predicate


Compiling the C compiler identification source file "CMakeCCompilerId.c" failed.
Compiler: /usr/bin/cc 
Build flags: 
Id flags: -D__CLASSIC_C__ 

The output was:
1
/usr/bin/ld: 最后的链结失败: 不支持的操作
collect2: error: ld returned 1 exit status


Compiling the C compiler identification source file "CMakeCCompilerId.c" failed.
Compiler: /usr/bin/cc 
Build flags: 
Id flags: --target=arm-arm-none-eabi;-mcpu=cortex-m3 

The output was:
1
cc: warning: ‘-mcpu=’ is deprecated; use ‘-mtune=’ or ‘-march=’ instead
cc: error: unrecognized command line option ‘--target=arm-arm-none-eabi’


Compiling the C compiler identification source file "CMakeCCompilerId.c" failed.
Compiler: /usr/bin/cc 
Build flags: 
Id flags:  

The output was:
1
/usr/bin/ld: 最后的链结失败: 不支持的操作
collect2: error: ld returned 1 exit status


Compiling the C compiler identification source file "CMakeCCompilerId.c" failed.
Compiler: /usr/bin/cc 
Build flags: 
Id flags: -c 

The output was:
1
/tmp/ccT2LL4f.s: Assembler messages:
/tmp/ccT2LL4f.s: 致命错误： can't write 145 bytes to section .text of CMakeCCompilerId.o: '不支持的操作'
/tmp/ccT2LL4f.s: 致命错误： can't close CMakeCCompilerId.o: 不支持的操作


Compiling the C compiler identification source file "CMakeCCompilerId.c" failed.
Compiler: /usr/bin/cc 
Build flags: 
Id flags: -Aa 

The output was:
1
<command-line>: error: missing '(' after predicate


Compiling the C compiler identification source file "CMakeCCompilerId.c" failed.
Compiler: /usr/bin/cc 
Build flags: 
Id flags: -D__CLASSIC_C__ 

The output was:
1
/usr/bin/ld: 最后的链结失败: 不支持的操作
collect2: error: ld returned 1 exit status


Compiling the C compiler identification source file "CMakeCCompilerId.c" failed.
Compiler: /usr/bin/cc 
Build flags: 
Id flags: --target=arm-arm-none-eabi;-mcpu=cortex-m3 

The output was:
1
cc: warning: ‘-mcpu=’ is deprecated; use ‘-mtune=’ or ‘-march=’ instead
cc: error: unrecognized command line option ‘--target=arm-arm-none-eabi’


Checking whether the C compiler is IAR using "" did not match "IAR .+ Compiler":
cc: fatal error: no input files
compilation terminated.
Checking whether the C compiler is IAR using "" did not match "IAR .+ Compiler":
cc: fatal error: no input files
compilation terminated.
Compiling the CXX compiler identification source file "CMakeCXXCompilerId.cpp" failed.
Compiler: /usr/bin/c++ 
Build flags: 
Id flags:  

The output was:
1
/usr/bin/ld: 最后的链结失败: 不支持的操作
collect2: error: ld returned 1 exit status


Compiling the CXX compiler identification source file "CMakeCXXCompilerId.cpp" failed.
Compiler: /usr/bin/c++ 
Build flags: 
Id flags: -c 

The output was:
1
/tmp/cc9DkPv3.s: Assembler messages:
/tmp/cc9DkPv3.s: 致命错误： can't write 121 bytes to section .text of CMakeCXXCompilerId.o: '不支持的操作'
/tmp/cc9DkPv3.s: 致命错误： can't close CMakeCXXCompilerId.o: 不支持的操作


Compiling the CXX compiler identification source file "CMakeCXXCompilerId.cpp" failed.
Compiler: /usr/bin/c++ 
Build flags: 
Id flags: --c++ 

The output was:
1
c++: error: unrecognized command line option ‘--c++’


Compiling the CXX compiler identification source file "CMakeCXXCompilerId.cpp" failed.
Compiler: /usr/bin/c++ 
Build flags: 
Id flags: --ec++ 

The output was:
1
c++: error: unrecognized command line option ‘--ec++’; did you mean ‘-Weffc++’?


Compiling the CXX compiler identification source file "CMakeCXXCompilerId.cpp" failed.
Compiler: /usr/bin/c++ 
Build flags: 
Id flags: --target=arm-arm-none-eabi;-mcpu=cortex-m3 

The output was:
1
c++: warning: ‘-mcpu=’ is deprecated; use ‘-mtune=’ or ‘-march=’ instead
c++: error: unrecognized command line option ‘--target=arm-arm-none-eabi’


Compiling the CXX compiler identification source file "CMakeCXXCompilerId.cpp" failed.
Compiler: /usr/bin/c++ 
Build flags: 
Id flags:  

The output was:
1
/usr/bin/ld: 最后的链结失败: 不支持的操作
collect2: error: ld returned 1 exit status


Compiling the CXX compiler identification source file "CMakeCXXCompilerId.cpp" failed.
Compiler: /usr/bin/c++ 
Build flags: 
Id flags: -c 

The output was:
1
/tmp/ccLqttDy.s: Assembler messages:
/tmp/ccLqttDy.s: 致命错误： can't write 121 bytes to section .text of CMakeCXXCompilerId.o: '不支持的操作'
/tmp/ccLqttDy.s: 致命错误： can't close CMakeCXXCompilerId.o: 不支持的操作


Compiling the CXX compiler identification source file "CMakeCXXCompilerId.cpp" failed.
Compiler: /usr/bin/c++ 
Build flags: 
Id flags: --c++ 

The output was:
1
c++: error: unrecognized command line option ‘--c++’


Compiling the CXX compiler identification source file "CMakeCXXCompilerId.cpp" failed.
Compiler: /usr/bin/c++ 
Build flags: 
Id flags: --ec++ 

The output was:
1
c++: error: unrecognized command line option ‘--ec++’; did you mean ‘-Weffc++’?


Compiling the CXX compiler identification source file "CMakeCXXCompilerId.cpp" failed.
Compiler: /usr/bin/c++ 
Build flags: 
Id flags: --target=arm-arm-none-eabi;-mcpu=cortex-m3 

The output was:
1
c++: warning: ‘-mcpu=’ is deprecated; use ‘-mtune=’ or ‘-march=’ instead
c++: error: unrecognized command line option ‘--target=arm-arm-none-eabi’


Checking whether the CXX compiler is IAR using "" did not match "IAR .+ Compiler":
c++: fatal error: no input files
compilation terminated.
Checking whether the CXX compiler is IAR using "" did not match "IAR .+ Compiler":
c++: fatal error: no input files
compilation terminated.
Determining if the C compiler works failed with the following output:
Change Dir: /run/user/1000/gvfs/sftp:host=192.168.0.100/home/wheeltec/wheeltec_robot/src/turn_on_wheeltec_robot/build/CMakeFiles/CMakeTmp

Run Build Command(s):/usr/bin/make cmTC_4a564/fast && /usr/bin/make -f CMakeFiles/cmTC_4a564.dir/build.make CMakeFiles/cmTC_4a564.dir/build
make[1]: 进入目录“/run/user/1000/gvfs/sftp:host=192.168.0.100/home/wheeltec/wheeltec_robot/src/turn_on_wheeltec_robot/build/CMakeFiles/CMakeTmp”
Building C object CMakeFiles/cmTC_4a564.dir/testCCompiler.c.o
/usr/bin/cc    -o CMakeFiles/cmTC_4a564.dir/testCCompiler.c.o   -c /run/user/1000/gvfs/sftp:host=192.168.0.100/home/wheeltec/wheeltec_robot/src/turn_on_wheeltec_robot/build/CMakeFiles/CMakeTmp/testCCompiler.c
/tmp/ccsIuKmx.s: Assembler messages:
/tmp/ccsIuKmx.s: 致命错误： can't write 23 bytes to section .text of CMakeFiles/cmTC_4a564.dir/testCCompiler.c.o: '不支持的操作'
/tmp/ccsIuKmx.s: 致命错误： can't close CMakeFiles/cmTC_4a564.dir/testCCompiler.c.o: 不支持的操作
make[1]: *** [CMakeFiles/cmTC_4a564.dir/build.make:66：CMakeFiles/cmTC_4a564.dir/testCCompiler.c.o] 错误 1
make[1]: 离开目录“/run/user/1000/gvfs/sftp:host=192.168.0.100/home/wheeltec/wheeltec_robot/src/turn_on_wheeltec_robot/build/CMakeFiles/CMakeTmp”
make: *** [Makefile:121：cmTC_4a564/fast] 错误 2



Compiling the C compiler identification source file "CMakeCCompilerId.c" failed.
Compiler: /usr/bin/cc 
Build flags: 
Id flags:  

The output was:
1
/usr/bin/ld: 最后的链结失败: 不支持的操作
collect2: error: ld returned 1 exit status


Compiling the C compiler identification source file "CMakeCCompilerId.c" failed.
Compiler: /usr/bin/cc 
Build flags: 
Id flags: -c 

The output was:
1
/tmp/cckkOc55.s: Assembler messages:
/tmp/cckkOc55.s: 致命错误： can't write 145 bytes to section .text of CMakeCCompilerId.o: '不支持的操作'
/tmp/cckkOc55.s: 致命错误： can't close CMakeCCompilerId.o: 不支持的操作


Compiling the C compiler identification source file "CMakeCCompilerId.c" failed.
Compiler: /usr/bin/cc 
Build flags: 
Id flags: -Aa 

The output was:
1
<command-line>: error: missing '(' after predicate


Compiling the C compiler identification source file "CMakeCCompilerId.c" failed.
Compiler: /usr/bin/cc 
Build flags: 
Id flags: -D__CLASSIC_C__ 

The output was:
1
/usr/bin/ld: 最后的链结失败: 不支持的操作
collect2: error: ld returned 1 exit status


Compiling the C compiler identification source file "CMakeCCompilerId.c" failed.
Compiler: /usr/bin/cc 
Build flags: 
Id flags: --target=arm-arm-none-eabi;-mcpu=cortex-m3 

The output was:
1
cc: warning: ‘-mcpu=’ is deprecated; use ‘-mtune=’ or ‘-march=’ instead
cc: error: unrecognized command line option ‘--target=arm-arm-none-eabi’


Compiling the C compiler identification source file "CMakeCCompilerId.c" failed.
Compiler: /usr/bin/cc 
Build flags: 
Id flags:  

The output was:
1
/usr/bin/ld: 最后的链结失败: 不支持的操作
collect2: error: ld returned 1 exit status


Compiling the C compiler identification source file "CMakeCCompilerId.c" failed.
Compiler: /usr/bin/cc 
Build flags: 
Id flags: -c 

The output was:
1
/tmp/ccJGm6tc.s: Assembler messages:
/tmp/ccJGm6tc.s: 致命错误： can't write 145 bytes to section .text of CMakeCCompilerId.o: '不支持的操作'
/tmp/ccJGm6tc.s: 致命错误： can't close CMakeCCompilerId.o: 不支持的操作


Compiling the C compiler identification source file "CMakeCCompilerId.c" failed.
Compiler: /usr/bin/cc 
Build flags: 
Id flags: -Aa 

The output was:
1
<command-line>: error: missing '(' after predicate


Compiling the C compiler identification source file "CMakeCCompilerId.c" failed.
Compiler: /usr/bin/cc 
Build flags: 
Id flags: -D__CLASSIC_C__ 

The output was:
1
/usr/bin/ld: 最后的链结失败: 不支持的操作
collect2: error: ld returned 1 exit status


Compiling the C compiler identification source file "CMakeCCompilerId.c" failed.
Compiler: /usr/bin/cc 
Build flags: 
Id flags: --target=arm-arm-none-eabi;-mcpu=cortex-m3 

The output was:
1
cc: warning: ‘-mcpu=’ is deprecated; use ‘-mtune=’ or ‘-march=’ instead
cc: error: unrecognized command line option ‘--target=arm-arm-none-eabi’


Checking whether the C compiler is IAR using "" did not match "IAR .+ Compiler":
cc: fatal error: no input files
compilation terminated.
Checking whether the C compiler is IAR using "" did not match "IAR .+ Compiler":
cc: fatal error: no input files
compilation terminated.
Compiling the CXX compiler identification source file "CMakeCXXCompilerId.cpp" failed.
Compiler: /usr/bin/c++ 
Build flags: 
Id flags:  

The output was:
1
/usr/bin/ld: 最后的链结失败: 不支持的操作
collect2: error: ld returned 1 exit status


Compiling the CXX compiler identification source file "CMakeCXXCompilerId.cpp" failed.
Compiler: /usr/bin/c++ 
Build flags: 
Id flags: -c 

The output was:
1
/tmp/ccdTKfzz.s: Assembler messages:
/tmp/ccdTKfzz.s: 致命错误： can't write 121 bytes to section .text of CMakeCXXCompilerId.o: '不支持的操作'
/tmp/ccdTKfzz.s: 致命错误： can't close CMakeCXXCompilerId.o: 不支持的操作


Compiling the CXX compiler identification source file "CMakeCXXCompilerId.cpp" failed.
Compiler: /usr/bin/c++ 
Build flags: 
Id flags: --c++ 

The output was:
1
c++: error: unrecognized command line option ‘--c++’


Compiling the CXX compiler identification source file "CMakeCXXCompilerId.cpp" failed.
Compiler: /usr/bin/c++ 
Build flags: 
Id flags: --ec++ 

The output was:
1
c++: error: unrecognized command line option ‘--ec++’; did you mean ‘-Weffc++’?


Compiling the CXX compiler identification source file "CMakeCXXCompilerId.cpp" failed.
Compiler: /usr/bin/c++ 
Build flags: 
Id flags: --target=arm-arm-none-eabi;-mcpu=cortex-m3 

The output was:
1
c++: warning: ‘-mcpu=’ is deprecated; use ‘-mtune=’ or ‘-march=’ instead
c++: error: unrecognized command line option ‘--target=arm-arm-none-eabi’


Compiling the CXX compiler identification source file "CMakeCXXCompilerId.cpp" failed.
Compiler: /usr/bin/c++ 
Build flags: 
Id flags:  

The output was:
1
/usr/bin/ld: 最后的链结失败: 不支持的操作
collect2: error: ld returned 1 exit status


Compiling the CXX compiler identification source file "CMakeCXXCompilerId.cpp" failed.
Compiler: /usr/bin/c++ 
Build flags: 
Id flags: -c 

The output was:
1
/tmp/ccfSFLwH.s: Assembler messages:
/tmp/ccfSFLwH.s: 致命错误： can't write 121 bytes to section .text of CMakeCXXCompilerId.o: '不支持的操作'
/tmp/ccfSFLwH.s: 致命错误： can't close CMakeCXXCompilerId.o: 不支持的操作


Compiling the CXX compiler identification source file "CMakeCXXCompilerId.cpp" failed.
Compiler: /usr/bin/c++ 
Build flags: 
Id flags: --c++ 

The output was:
1
c++: error: unrecognized command line option ‘--c++’


Compiling the CXX compiler identification source file "CMakeCXXCompilerId.cpp" failed.
Compiler: /usr/bin/c++ 
Build flags: 
Id flags: --ec++ 

The output was:
1
c++: error: unrecognized command line option ‘--ec++’; did you mean ‘-Weffc++’?


Compiling the CXX compiler identification source file "CMakeCXXCompilerId.cpp" failed.
Compiler: /usr/bin/c++ 
Build flags: 
Id flags: --target=arm-arm-none-eabi;-mcpu=cortex-m3 

The output was:
1
c++: warning: ‘-mcpu=’ is deprecated; use ‘-mtune=’ or ‘-march=’ instead
c++: error: unrecognized command line option ‘--target=arm-arm-none-eabi’


Checking whether the CXX compiler is IAR using "" did not match "IAR .+ Compiler":
c++: fatal error: no input files
compilation terminated.
Checking whether the CXX compiler is IAR using "" did not match "IAR .+ Compiler":
c++: fatal error: no input files
compilation terminated.
Determining if the C compiler works failed with the following output:
Change Dir: /run/user/1000/gvfs/sftp:host=192.168.0.100/home/wheeltec/wheeltec_robot/src/turn_on_wheeltec_robot/build/CMakeFiles/CMakeTmp

Run Build Command(s):/usr/bin/make cmTC_d754f/fast && /usr/bin/make -f CMakeFiles/cmTC_d754f.dir/build.make CMakeFiles/cmTC_d754f.dir/build
make[1]: 进入目录“/run/user/1000/gvfs/sftp:host=192.168.0.100/home/wheeltec/wheeltec_robot/src/turn_on_wheeltec_robot/build/CMakeFiles/CMakeTmp”
Building C object CMakeFiles/cmTC_d754f.dir/testCCompiler.c.o
/usr/bin/cc    -o CMakeFiles/cmTC_d754f.dir/testCCompiler.c.o   -c /run/user/1000/gvfs/sftp:host=192.168.0.100/home/wheeltec/wheeltec_robot/src/turn_on_wheeltec_robot/build/CMakeFiles/CMakeTmp/testCCompiler.c
/tmp/cclwLrqs.s: Assembler messages:
/tmp/cclwLrqs.s: 致命错误： can't write 23 bytes to section .text of CMakeFiles/cmTC_d754f.dir/testCCompiler.c.o: '不支持的操作'
/tmp/cclwLrqs.s: 致命错误： can't close CMakeFiles/cmTC_d754f.dir/testCCompiler.c.o: 不支持的操作
make[1]: *** [CMakeFiles/cmTC_d754f.dir/build.make:66：CMakeFiles/cmTC_d754f.dir/testCCompiler.c.o] 错误 1
make[1]: 离开目录“/run/user/1000/gvfs/sftp:host=192.168.0.100/home/wheeltec/wheeltec_robot/src/turn_on_wheeltec_robot/build/CMakeFiles/CMakeTmp”
make: *** [Makefile:121：cmTC_d754f/fast] 错误 2



